<?xml version="1.0" encoding="UTF-8"?>
<!-- Generated by org.testng.reporters.JUnitReportReporter -->
<testsuite hostname="NBSB003BF8-TP" failures="0" tests="1" name="com.guru.ReqBodyConstruction" time="4.959" errors="0" timestamp="11 Dec 2022 16:58:00 GMT" skipped="0">
  <testcase classname="com.guru.ReqBodyConstruction" name="reqBody" time="4.959"/>
</testsuite> <!-- com.guru.ReqBodyConstruction -->
