<?xml version="1.0" encoding="UTF-8"?>
<!-- Generated by org.testng.reporters.JUnitReportReporter -->
<testsuite hostname="NBSB003BF8-TP" failures="0" tests="2" name="com.guru.PrintResponse" time="4.115" errors="0" timestamp="12 Dec 2022 17:07:03 GMT" skipped="0">
  <testcase classname="com.guru.PrintResponse" name="responseStatus" time="2.356"/>
  <testcase classname="com.guru.PrintResponse" name="responseHeader" time="1.759"/>
</testsuite> <!-- com.guru.PrintResponse -->
