<?xml version="1.0" encoding="UTF-8"?>
<!-- Generated by org.testng.reporters.JUnitReportReporter -->
<testsuite hostname="NBSB003BF8-TP" failures="0" tests="3" name="com.guru.ExtractResponse" time="5.975" errors="0" timestamp="09 Dec 2022 17:40:30 GMT" skipped="2">
  <testcase classname="com.guru.ExtractResponse" name="hamcrest" time="5.975"/>
  <testcase classname="com.guru.ExtractResponse" name="fetchResponse">
    <skipped/>
  </testcase> <!-- fetchResponse -->
  <testcase classname="com.guru.ExtractResponse" name="bearer">
    <skipped/>
  </testcase> <!-- bearer -->
</testsuite> <!-- com.guru.ExtractResponse -->
