<?xml version="1.0" encoding="UTF-8"?>
<!-- Generated by org.testng.reporters.JUnitReportReporter -->
<testsuite hostname="NBSB003BF8-TP" failures="0" tests="1" name="com.guru.GitHubAssignment" time="3.301" errors="0" timestamp="11 Dec 2022 10:58:39 GMT" skipped="0">
  <testcase classname="com.guru.GitHubAssignment" name="getRepo" time="3.301"/>
</testsuite> <!-- com.guru.GitHubAssignment -->
