<?xml version="1.0" encoding="UTF-8"?>
<!-- Generated by org.testng.reporters.JUnitReportReporter -->
<testsuite hostname="NBSB003BF8-TP" failures="0" tests="1" name="pojo.BodyofArray" time="0.623" errors="0" timestamp="11 Dec 2022 16:50:50 GMT" skipped="0">
  <testcase classname="pojo.BodyofArray" name="finalReq" time="0.623"/>
</testsuite> <!-- pojo.BodyofArray -->
