<?xml version="1.0" encoding="UTF-8"?>
<!-- Generated by org.testng.reporters.JUnitReportReporter -->
<testsuite hostname="NBSB003BF8-TP" failures="0" tests="4" name="RestAPI.Automation.TestCase1" time="8.857" errors="0" timestamp="01 Jun 2022 04:58:57 GMT" skipped="1">
  <testcase classname="RestAPI.Automation.TestCase1" name="example2" time="1.702"/>
  <testcase classname="RestAPI.Automation.TestCase1" name="example3" time="1.623"/>
  <testcase classname="RestAPI.Automation.TestCase1" name="example1" time="5.532"/>
  <testcase classname="RestAPI.Automation.TestCase1" name="post">
    <skipped/>
  </testcase> <!-- post -->
</testsuite> <!-- RestAPI.Automation.TestCase1 -->
