<?xml version="1.0" encoding="UTF-8"?>
<!-- Generated by org.testng.reporters.JUnitReportReporter -->
<testsuite hostname="NBSB003BF8-TP" failures="0" tests="2" name="RestAPI.Automation.TestCase2" time="4.045" errors="0" timestamp="12 Dec 2022 17:07:03 GMT" skipped="0">
  <testcase classname="RestAPI.Automation.TestCase2" name="post" time="2.139"/>
  <testcase classname="RestAPI.Automation.TestCase2" name="post1" time="1.906"/>
</testsuite> <!-- RestAPI.Automation.TestCase2 -->
