<?xml version="1.0" encoding="UTF-8"?>
<!-- Generated by org.testng.reporters.JUnitReportReporter -->
<testsuite hostname="NBSB003BF8-TP" failures="0" tests="1" name="pojo.CNestedJson" time="0.636" errors="0" timestamp="11 Dec 2022 18:26:13 GMT" skipped="0">
  <testcase classname="pojo.CNestedJson" name="nestedJson" time="0.636"/>
</testsuite> <!-- pojo.CNestedJson -->
