<?xml version="1.0" encoding="UTF-8"?>
<!-- Generated by org.testng.reporters.JUnitReportReporter -->
<testsuite hostname="NBSB003BF8-TP" failures="0" tests="3" name="com.guru.IteratingThroughJsonResponse" time="5.454" errors="0" timestamp="09 Dec 2022 19:18:18 GMT" skipped="2">
  <testcase classname="com.guru.IteratingThroughJsonResponse" name="pgm1" time="5.454"/>
  <testcase classname="com.guru.IteratingThroughJsonResponse" name="iterateResp">
    <skipped/>
  </testcase> <!-- iterateResp -->
  <testcase classname="com.guru.IteratingThroughJsonResponse" name="respIterate">
    <skipped/>
  </testcase> <!-- respIterate -->
</testsuite> <!-- com.guru.IteratingThroughJsonResponse -->
