<?xml version="1.0" encoding="UTF-8"?>
<!-- Generated by org.testng.reporters.JUnitReportReporter -->
<testsuite hostname="NBSB003BF8-TP" failures="0" tests="12" name="RestAPI.Automation.PetStore" time="23.838" errors="0" timestamp="03 Jun 2022 14:49:46 GMT" skipped="0">
  <testcase classname="RestAPI.Automation.PetStore" name="createuser" time="4.177"/>
  <testcase classname="RestAPI.Automation.PetStore" name="createuser" time="2.147"/>
  <testcase classname="RestAPI.Automation.PetStore" name="modifyuser" time="1.903"/>
  <testcase classname="RestAPI.Automation.PetStore" name="modifyuser" time="1.574"/>
  <testcase classname="RestAPI.Automation.PetStore" name="getUser" time="1.529"/>
  <testcase classname="RestAPI.Automation.PetStore" name="getUser" time="2.237"/>
  <testcase classname="RestAPI.Automation.PetStore" name="login" time="1.567"/>
  <testcase classname="RestAPI.Automation.PetStore" name="login" time="1.660"/>
  <testcase classname="RestAPI.Automation.PetStore" name="logout" time="1.606"/>
  <testcase classname="RestAPI.Automation.PetStore" name="logout" time="1.920"/>
  <testcase classname="RestAPI.Automation.PetStore" name="delete" time="1.613"/>
  <testcase classname="RestAPI.Automation.PetStore" name="delete" time="1.905"/>
</testsuite> <!-- RestAPI.Automation.PetStore -->
