<?xml version="1.0" encoding="UTF-8"?>
<!-- Generated by org.testng.reporters.JUnitReportReporter -->
<testsuite hostname="NBSB003BF8-TP" failures="0" tests="2" name="com.guru.PrintResponse" time="6.888" errors="0" timestamp="09 Dec 2022 09:12:38 GMT" skipped="0">
  <testcase classname="com.guru.PrintResponse" name="responseStatus" time="2.007"/>
  <testcase classname="com.guru.PrintResponse" name="responseHeader" time="4.881"/>
</testsuite> <!-- com.guru.PrintResponse -->
