<?xml version="1.0" encoding="UTF-8"?>
<!-- Generated by org.testng.reporters.JUnitReportReporter -->
<testsuite hostname="NBSB003BF8-TP" failures="0" tests="1" name="com.guru.PrintHeader" time="3.762" errors="0" timestamp="09 Dec 2022 16:47:15 GMT" skipped="0">
  <testcase classname="com.guru.PrintHeader" name="headerPrint" time="3.762"/>
</testsuite> <!-- com.guru.PrintHeader -->
