<?xml version="1.0" encoding="UTF-8"?>
<!-- Generated by org.testng.reporters.JUnitReportReporter -->
<testsuite hostname="NBSB003BF8-TP" failures="0" tests="1" name="RestAPI.Automation.petStore1Practice" time="4.708" errors="0" timestamp="07 Aug 2022 17:46:13 GMT" skipped="0">
  <testcase classname="RestAPI.Automation.petStore1Practice" name="createUser" time="4.708"/>
</testsuite> <!-- RestAPI.Automation.petStore1Practice -->
