<?xml version="1.0" encoding="UTF-8"?>
<!-- Generated by org.testng.reporters.JUnitReportReporter -->
<testsuite hostname="NBSB003BF8-TP" failures="0" tests="1" name="com.guru.ExtractingResponse" time="4.038" errors="0" timestamp="11 Dec 2022 07:14:23 GMT" skipped="0">
  <testcase classname="com.guru.ExtractingResponse" name="extractRes" time="4.038"/>
</testsuite> <!-- com.guru.ExtractingResponse -->
