<?xml version="1.0" encoding="UTF-8"?>
<!-- Generated by org.testng.reporters.JUnitReportReporter -->
<testsuite hostname="NBSB003BF8-TP" failures="0" tests="3" name="com.guru.ExtractResponse" time="3.167" errors="0" timestamp="12 Dec 2022 17:07:03 GMT" skipped="2">
  <testcase classname="com.guru.ExtractResponse" name="fetchResponse" time="3.167"/>
  <testcase classname="com.guru.ExtractResponse" name="bearer">
    <skipped/>
  </testcase> <!-- bearer -->
  <testcase classname="com.guru.ExtractResponse" name="hamcrest">
    <skipped/>
  </testcase> <!-- hamcrest -->
</testsuite> <!-- com.guru.ExtractResponse -->
