<?xml version="1.0" encoding="UTF-8"?>
<!-- Generated by org.testng.reporters.JUnitReportReporter -->
<testsuite hostname="NBSB003BF8-TP" failures="0" tests="4" name="RestAPI.Automation.TestCase1" time="6.779" errors="0" timestamp="12 Dec 2022 17:07:03 GMT" skipped="1">
  <testcase classname="RestAPI.Automation.TestCase1" name="example2" time="2.847"/>
  <testcase classname="RestAPI.Automation.TestCase1" name="example1" time="1.989"/>
  <testcase classname="RestAPI.Automation.TestCase1" name="example3" time="1.943"/>
  <testcase classname="RestAPI.Automation.TestCase1" name="post">
    <skipped/>
  </testcase> <!-- post -->
</testsuite> <!-- RestAPI.Automation.TestCase1 -->
