<?xml version="1.0" encoding="UTF-8"?>
<!-- Generated by org.testng.reporters.JUnitReportReporter -->
<testsuite hostname="NBSB003BF8-TP" failures="0" tests="1" name="pojo.ArrayJsonBody" time="0.462" errors="0" timestamp="11 Dec 2022 14:53:20 GMT" skipped="0">
  <testcase classname="pojo.ArrayJsonBody" name="bodyConstruct" time="0.462"/>
</testsuite> <!-- pojo.ArrayJsonBody -->
