<?xml version="1.0" encoding="UTF-8"?>
<!-- Generated by org.testng.reporters.JUnitReportReporter -->
<testsuite hostname="NBSB003BF8-TP" failures="0" tests="1" name="pojo.SerializeDeserialize" time="0.611" errors="0" timestamp="11 Dec 2022 14:10:40 GMT" skipped="0">
  <testcase classname="pojo.SerializeDeserialize" name="serialiseDesrialise" time="0.611"/>
</testsuite> <!-- pojo.SerializeDeserialize -->
