<?xml version="1.0" encoding="UTF-8"?>
<!-- Generated by org.testng.reporters.JUnitReportReporter -->
<testsuite hostname="NBSB003BF8-TP" failures="0" tests="2" name="RestAPI.Automation.TestCase2" time="8.573" errors="0" timestamp="07 Dec 2022 07:01:56 GMT" skipped="0">
  <testcase classname="RestAPI.Automation.TestCase2" name="post" time="4.566"/>
  <testcase classname="RestAPI.Automation.TestCase2" name="post1" time="4.007"/>
</testsuite> <!-- RestAPI.Automation.TestCase2 -->
