<?xml version="1.0" encoding="UTF-8"?>
<!-- Generated by org.testng.reporters.JUnitReportReporter -->
<testsuite hostname="NBSB003BF8-TP" failures="0" tests="1" name="pojo.SerializeDeserialize" time="0.058" errors="0" timestamp="12 Dec 2022 17:07:03 GMT" skipped="0">
  <testcase classname="pojo.SerializeDeserialize" name="serialiseDesrialise" time="0.058"/>
</testsuite> <!-- pojo.SerializeDeserialize -->
